<?xml version="1.0" encoding="UTF-8"?>
<!-- Generated by org.testng.reporters.JUnitXMLReporter -->
<testsuite hostname="tsrajesh" ignored="0" name="Marketplace Sanity chrome Test" tests="5" failures="0" timestamp="05 Oct 2017 11:02:54 GMT" time="364.045" errors="0">
  <testcase name="testCustomerRegistration" time="23.104" classname="com.jamcracker.testcases.customeManagement.TC001CustomerRegistration"/>
  <testcase name="testSetpassword" time="16.919" classname="com.jamcracker.testcases.customeManagement.TC002SetPassword"/>
  <testcase name="testOrderNew" time="129.901" classname="com.jamcracker.testcases.customeManagement.TC003OrderNew"/>
  <testcase name="testOrderMore" time="48.223" classname="com.jamcracker.testcases.customeManagement.TC004OrderMore"/>
  <testcase name="testOrderLess" time="30.021" classname="com.jamcracker.testcases.customeManagement.TC005OrderLess"/>
</testsuite> <!-- Marketplace Sanity chrome Test -->
