<?xml version="1.0" encoding="UTF-8"?>
<!-- Generated by org.testng.reporters.JUnitXMLReporter -->
<testsuite hostname="tsrajesh" ignored="0" name="Default test" tests="2" failures="0" timestamp="17 Oct 2017 06:46:05 GMT" time="164.67" errors="0">
  <testcase name="testCMSStoreConfiguration" time="76.677" classname="com.jamcracker.testcases.marketplace.TC009CmsStoreConfiguration"/>
  <testcase name="testCMSStoreConfiguration" time="63.024" classname="com.jamcracker.testcases.marketplace.TC009CmsStoreConfiguration"/>
</testsuite> <!-- Default test -->
