<?xml version="1.0" encoding="UTF-8"?>
<testng-results skipped="0" failed="0" ignored="0" total="5" passed="5">
  <reporter-output>
    <line>
      <![CDATA[Customer Registration Successful]]>
    </line>
    <line>
      <![CDATA[Waiting for the Paypal Page to load completely]]>
    </line>
    <line>
      <![CDATA[Switched to Paypal Details Entering Frame]]>
    </line>
    <line>
      <![CDATA[Cleared the value which exists in the Email field]]>
    </line>
    <line>
      <![CDATA[Entered Paypal Account Email Addresscust2433@gmail.com]]>
    </line>
    <line>
      <![CDATA[Entered Paypal Account Password]]>
    </line>
    <line>
      <![CDATA[Clicked on the Login Button]]>
    </line>
    <line>
      <![CDATA[Waited for the Agree and Continue button to be visible]]>
    </line>
    <line>
      <![CDATA[Accepted the Terms and Conditions by clicking Agree Button]]>
    </line>
  </reporter-output>
  <suite name="Sanity TestSuite" duration-ms="364045" started-at="2017-10-05T10:56:50Z" finished-at="2017-10-05T11:02:54Z">
    <groups>
    </groups>
    <test name="Marketplace Sanity chrome Test" duration-ms="364045" started-at="2017-10-05T10:56:50Z" finished-at="2017-10-05T11:02:54Z">
      <class name="com.jamcracker.testcases.customeManagement.TC003OrderNew">
        <test-method status="PASS" signature="intialize()[pri:0, instance:com.jamcracker.testcases.customeManagement.TC003OrderNew@2cb4c3ab]" name="intialize" is-config="true" duration-ms="1" started-at="2017-10-05T16:28:17Z" finished-at="2017-10-05T16:28:17Z">
          <reporter-output>
          </reporter-output>
        </test-method> <!-- intialize -->
        <test-method status="PASS" signature="setUp(java.lang.String, java.lang.String)[pri:0, instance:com.jamcracker.testcases.customeManagement.TC003OrderNew@2cb4c3ab]" name="setUp" is-config="true" duration-ms="21443" started-at="2017-10-05T16:28:17Z" finished-at="2017-10-05T16:28:38Z">
          <params>
            <param index="0">
              <value>
                <![CDATA[chrome]]>
              </value>
            </param>
            <param index="1">
              <value>
                <![CDATA[https://clrstore.jamcracker.com]]>
              </value>
            </param>
          </params>
          <reporter-output>
          </reporter-output>
        </test-method> <!-- setUp -->
        <test-method status="PASS" signature="testOrderNew(java.lang.String, java.lang.String, java.lang.String, java.lang.String, java.lang.String, java.lang.String, java.lang.String)[pri:0, instance:com.jamcracker.testcases.customeManagement.TC003OrderNew@2cb4c3ab]" name="testOrderNew" duration-ms="129901" started-at="2017-10-05T16:28:38Z" data-provider="orderNewData" finished-at="2017-10-05T16:30:48Z">
          <params>
            <param index="0">
              <value>
                <![CDATA[testcust4@jcadmin.com]]>
              </value>
            </param>
            <param index="1">
              <value>
                <![CDATA[Root123#]]>
              </value>
            </param>
            <param index="2">
              <value>
                <![CDATA[Logoservice]]>
              </value>
            </param>
            <param index="3">
              <value>
                <![CDATA[Logoservice offer]]>
              </value>
            </param>
            <param index="4">
              <value>
                <![CDATA[Logoservice offer]]>
              </value>
            </param>
            <param index="5">
              <value>
                <![CDATA[5]]>
              </value>
            </param>
            <param index="6">
              <value>
                <![CDATA[PayPal]]>
              </value>
            </param>
          </params>
          <reporter-output>
            <line>
              <![CDATA[Waiting for the Paypal Page to load completely]]>
            </line>
            <line>
              <![CDATA[Switched to Paypal Details Entering Frame]]>
            </line>
            <line>
              <![CDATA[Cleared the value which exists in the Email field]]>
            </line>
            <line>
              <![CDATA[Entered Paypal Account Email Addresscust2433@gmail.com]]>
            </line>
            <line>
              <![CDATA[Entered Paypal Account Password]]>
            </line>
            <line>
              <![CDATA[Clicked on the Login Button]]>
            </line>
            <line>
              <![CDATA[Waited for the Agree and Continue button to be visible]]>
            </line>
            <line>
              <![CDATA[Accepted the Terms and Conditions by clicking Agree Button]]>
            </line>
          </reporter-output>
        </test-method> <!-- testOrderNew -->
        <test-method status="PASS" signature="tearDown()[pri:0, instance:com.jamcracker.testcases.customeManagement.TC003OrderNew@2cb4c3ab]" name="tearDown" is-config="true" duration-ms="2134" started-at="2017-10-05T16:30:48Z" finished-at="2017-10-05T16:30:50Z">
          <reporter-output>
          </reporter-output>
        </test-method> <!-- tearDown -->
      </class> <!-- com.jamcracker.testcases.customeManagement.TC003OrderNew -->
      <class name="com.jamcracker.testcases.customeManagement.TC004OrderMore">
        <test-method status="PASS" signature="intialize()[pri:0, instance:com.jamcracker.testcases.customeManagement.TC004OrderMore@13c78c0b]" name="intialize" is-config="true" duration-ms="1" started-at="2017-10-05T16:30:50Z" finished-at="2017-10-05T16:30:50Z">
          <reporter-output>
          </reporter-output>
        </test-method> <!-- intialize -->
        <test-method status="PASS" signature="setUp(java.lang.String, java.lang.String)[pri:0, instance:com.jamcracker.testcases.customeManagement.TC004OrderMore@13c78c0b]" name="setUp" is-config="true" duration-ms="23918" started-at="2017-10-05T16:30:51Z" finished-at="2017-10-05T16:31:14Z">
          <params>
            <param index="0">
              <value>
                <![CDATA[chrome]]>
              </value>
            </param>
            <param index="1">
              <value>
                <![CDATA[https://clrstore.jamcracker.com]]>
              </value>
            </param>
          </params>
          <reporter-output>
          </reporter-output>
        </test-method> <!-- setUp -->
        <test-method status="PASS" signature="testOrderMore(java.lang.String, java.lang.String, java.lang.String, java.lang.String, java.lang.String, java.lang.String)[pri:0, instance:com.jamcracker.testcases.customeManagement.TC004OrderMore@13c78c0b]" name="testOrderMore" duration-ms="48223" started-at="2017-10-05T16:31:14Z" data-provider="orderMoreData" finished-at="2017-10-05T16:32:03Z">
          <params>
            <param index="0">
              <value>
                <![CDATA[testcust4@jcadmin.com]]>
              </value>
            </param>
            <param index="1">
              <value>
                <![CDATA[Root123#]]>
              </value>
            </param>
            <param index="2">
              <value>
                <![CDATA[Logoservice]]>
              </value>
            </param>
            <param index="3">
              <value>
                <![CDATA[Logoservice offer]]>
              </value>
            </param>
            <param index="4">
              <value>
                <![CDATA[Logoservice offer]]>
              </value>
            </param>
            <param index="5">
              <value>
                <![CDATA[10]]>
              </value>
            </param>
          </params>
          <reporter-output>
          </reporter-output>
        </test-method> <!-- testOrderMore -->
        <test-method status="PASS" signature="tearDown()[pri:0, instance:com.jamcracker.testcases.customeManagement.TC004OrderMore@13c78c0b]" name="tearDown" is-config="true" duration-ms="2067" started-at="2017-10-05T16:32:03Z" finished-at="2017-10-05T16:32:05Z">
          <reporter-output>
          </reporter-output>
        </test-method> <!-- tearDown -->
      </class> <!-- com.jamcracker.testcases.customeManagement.TC004OrderMore -->
      <class name="com.jamcracker.testcases.customeManagement.TC001CustomerRegistration">
        <test-method status="PASS" signature="intialize()[pri:0, instance:com.jamcracker.testcases.customeManagement.TC001CustomerRegistration@61dc03ce]" name="intialize" is-config="true" duration-ms="10" started-at="2017-10-05T16:26:50Z" finished-at="2017-10-05T16:26:50Z">
          <reporter-output>
          </reporter-output>
        </test-method> <!-- intialize -->
        <test-method status="PASS" signature="setUp(java.lang.String, java.lang.String)[pri:0, instance:com.jamcracker.testcases.customeManagement.TC001CustomerRegistration@61dc03ce]" name="setUp" is-config="true" duration-ms="21915" started-at="2017-10-05T16:26:50Z" finished-at="2017-10-05T16:27:12Z">
          <params>
            <param index="0">
              <value>
                <![CDATA[chrome]]>
              </value>
            </param>
            <param index="1">
              <value>
                <![CDATA[https://clrstore.jamcracker.com]]>
              </value>
            </param>
          </params>
          <reporter-output>
          </reporter-output>
        </test-method> <!-- setUp -->
        <test-method status="PASS" signature="testCustomerRegistration(com.jamcracker.entity.service.CustomerCreationData)[pri:0, instance:com.jamcracker.testcases.customeManagement.TC001CustomerRegistration@61dc03ce]" name="testCustomerRegistration" duration-ms="23104" started-at="2017-10-05T16:27:12Z" data-provider="customerRegistrationData" finished-at="2017-10-05T16:27:35Z">
          <params>
            <param index="0">
              <value>
                <![CDATA[com.jamcracker.entity.service.CustomerCreationData@533101cb]]>
              </value>
            </param>
          </params>
          <reporter-output>
            <line>
              <![CDATA[Customer Registration Successful]]>
            </line>
          </reporter-output>
        </test-method> <!-- testCustomerRegistration -->
        <test-method status="PASS" signature="tearDown()[pri:0, instance:com.jamcracker.testcases.customeManagement.TC001CustomerRegistration@61dc03ce]" name="tearDown" is-config="true" duration-ms="94" started-at="2017-10-05T16:27:35Z" finished-at="2017-10-05T16:27:36Z">
          <reporter-output>
          </reporter-output>
        </test-method> <!-- tearDown -->
      </class> <!-- com.jamcracker.testcases.customeManagement.TC001CustomerRegistration -->
      <class name="com.jamcracker.testcases.customeManagement.TC005OrderLess">
        <test-method status="PASS" signature="intialize()[pri:0, instance:com.jamcracker.testcases.customeManagement.TC005OrderLess@12843fce]" name="intialize" is-config="true" duration-ms="1" started-at="2017-10-05T16:32:05Z" finished-at="2017-10-05T16:32:05Z">
          <reporter-output>
          </reporter-output>
        </test-method> <!-- intialize -->
        <test-method status="PASS" signature="setUp(java.lang.String, java.lang.String)[pri:0, instance:com.jamcracker.testcases.customeManagement.TC005OrderLess@12843fce]" name="setUp" is-config="true" duration-ms="17106" started-at="2017-10-05T16:32:05Z" finished-at="2017-10-05T16:32:22Z">
          <params>
            <param index="0">
              <value>
                <![CDATA[chrome]]>
              </value>
            </param>
            <param index="1">
              <value>
                <![CDATA[https://clrstore.jamcracker.com]]>
              </value>
            </param>
          </params>
          <reporter-output>
          </reporter-output>
        </test-method> <!-- setUp -->
        <test-method status="PASS" signature="testOrderLess(com.jamcracker.entity.service.OrderLessData)[pri:0, instance:com.jamcracker.testcases.customeManagement.TC005OrderLess@12843fce]" name="testOrderLess" duration-ms="30021" started-at="2017-10-05T16:32:22Z" data-provider="orderLessData" finished-at="2017-10-05T16:32:52Z">
          <params>
            <param index="0">
              <value>
                <![CDATA[com.jamcracker.entity.service.OrderLessData@6a9024ab]]>
              </value>
            </param>
          </params>
          <reporter-output>
          </reporter-output>
        </test-method> <!-- testOrderLess -->
        <test-method status="PASS" signature="tearDown()[pri:0, instance:com.jamcracker.testcases.customeManagement.TC005OrderLess@12843fce]" name="tearDown" is-config="true" duration-ms="2176" started-at="2017-10-05T16:32:52Z" finished-at="2017-10-05T16:32:54Z">
          <reporter-output>
          </reporter-output>
        </test-method> <!-- tearDown -->
      </class> <!-- com.jamcracker.testcases.customeManagement.TC005OrderLess -->
      <class name="com.jamcracker.testcases.customeManagement.TC002SetPassword">
        <test-method status="PASS" signature="intialize()[pri:0, instance:com.jamcracker.testcases.customeManagement.TC002SetPassword@50f8360d]" name="intialize" is-config="true" duration-ms="1" started-at="2017-10-05T16:27:36Z" finished-at="2017-10-05T16:27:36Z">
          <reporter-output>
          </reporter-output>
        </test-method> <!-- intialize -->
        <test-method status="PASS" signature="setUp(java.lang.String, java.lang.String)[pri:0, instance:com.jamcracker.testcases.customeManagement.TC002SetPassword@50f8360d]" name="setUp" is-config="true" duration-ms="24400" started-at="2017-10-05T16:27:36Z" finished-at="2017-10-05T16:28:00Z">
          <params>
            <param index="0">
              <value>
                <![CDATA[chrome]]>
              </value>
            </param>
            <param index="1">
              <value>
                <![CDATA[https://clrstore.jamcracker.com]]>
              </value>
            </param>
          </params>
          <reporter-output>
          </reporter-output>
        </test-method> <!-- setUp -->
        <test-method status="PASS" signature="testSetpassword(java.lang.String)[pri:0, instance:com.jamcracker.testcases.customeManagement.TC002SetPassword@50f8360d]" name="testSetpassword" duration-ms="16919" started-at="2017-10-05T16:28:00Z" data-provider="setPasswordData" finished-at="2017-10-05T16:28:17Z">
          <params>
            <param index="0">
              <value>
                <![CDATA[testcust4@jcadmin.com]]>
              </value>
            </param>
          </params>
          <reporter-output>
          </reporter-output>
        </test-method> <!-- testSetpassword -->
        <test-method status="PASS" signature="tearDown()[pri:0, instance:com.jamcracker.testcases.customeManagement.TC002SetPassword@50f8360d]" name="tearDown" is-config="true" duration-ms="97" started-at="2017-10-05T16:28:17Z" finished-at="2017-10-05T16:28:17Z">
          <reporter-output>
          </reporter-output>
        </test-method> <!-- tearDown -->
      </class> <!-- com.jamcracker.testcases.customeManagement.TC002SetPassword -->
    </test> <!-- Marketplace Sanity chrome Test -->
  </suite> <!-- Sanity TestSuite -->
</testng-results>
