<?xml version="1.0" encoding="UTF-8"?>
<testng-results skipped="0" failed="0" ignored="0" total="1" passed="1">
  <reporter-output>
    <line>
      <![CDATA[IP Obtained successfully. and the Obtained IP is54.172.153.231]]>
    </line>
    <line>
      <![CDATA[aws Vendor Selected]]>
    </line>
    <line>
      <![CDATA[us-east-1 Region Selected]]>
    </line>
    <line>
      <![CDATA[CentOS 6.5 Image Selected]]>
    </line>
    <line>
      <![CDATA[us-east-1a Availabilityzone Selected]]>
    </line>
    <line>
      <![CDATA[Family is selected as General purpose]]>
    </line>
    <line>
      <![CDATA[T2 Family Type Selected]]>
    </line>
    <line>
      <![CDATA[t2.nano Flavor Selected]]>
    </line>
    <line>
      <![CDATA[ Monitoring Selected as No]]>
    </line>
    <line>
      <![CDATA[712QAVPC(10.0.0.0/24) Network Selected]]>
    </line>
    <line>
      <![CDATA[712QASUBNET(10.0.0.0/24) Subnet Selected]]>
    </line>
    <line>
      <![CDATA[54.172.153.231  Selected for public IP ]]>
    </line>
    <line>
      <![CDATA[stack launched successfully]]>
    </line>
    <line>
      <![CDATA[Appstack status  Present in Running status]]>
    </line>
  </reporter-output>
  <suite name="Default suite" duration-ms="361016" started-at="2017-10-24T06:18:14Z" finished-at="2017-10-24T06:24:15Z">
    <groups>
    </groups>
    <test name="Default test" duration-ms="361016" started-at="2017-10-24T06:18:14Z" finished-at="2017-10-24T06:24:15Z">
      <class name="com.jamcracker.testcases.customeManagement.TC006PlaceStackOrder">
        <test-method status="PASS" signature="intialize()[pri:0, instance:com.jamcracker.testcases.customeManagement.TC006PlaceStackOrder@7cd62f43]" name="intialize" is-config="true" duration-ms="6" started-at="2017-10-24T11:48:14Z" finished-at="2017-10-24T11:48:14Z">
          <reporter-output>
          </reporter-output>
        </test-method> <!-- intialize -->
        <test-method status="PASS" signature="setUp(java.lang.String)[pri:0, instance:com.jamcracker.testcases.customeManagement.TC006PlaceStackOrder@7cd62f43]" name="setUp" is-config="true" duration-ms="8886" started-at="2017-10-24T11:48:15Z" finished-at="2017-10-24T11:48:24Z">
          <params>
            <param index="0">
              <value>
                <![CDATA[firefox]]>
              </value>
            </param>
            <param index="1">
              <value>
                <![CDATA[https://store.sourcestore.com/cms/user/login]]>
              </value>
            </param>
          </params>
          <reporter-output>
          </reporter-output>
        </test-method> <!-- setUp -->
        <test-method status="PASS" signature="stackOrder(com.jamcracker.entity.service.StackOrder)[pri:0, instance:com.jamcracker.testcases.customeManagement.TC006PlaceStackOrder@7cd62f43]" name="stackOrder" duration-ms="351758" started-at="2017-10-24T11:48:24Z" data-provider="StackOrdersData" finished-at="2017-10-24T11:54:15Z">
          <params>
            <param index="0">
              <value>
                <![CDATA[com.jamcracker.entity.service.StackOrder@8c3619e]]>
              </value>
            </param>
          </params>
          <reporter-output>
            <line>
              <![CDATA[IP Obtained successfully. and the Obtained IP is54.172.153.231]]>
            </line>
            <line>
              <![CDATA[aws Vendor Selected]]>
            </line>
            <line>
              <![CDATA[us-east-1 Region Selected]]>
            </line>
            <line>
              <![CDATA[CentOS 6.5 Image Selected]]>
            </line>
            <line>
              <![CDATA[us-east-1a Availabilityzone Selected]]>
            </line>
            <line>
              <![CDATA[Family is selected as General purpose]]>
            </line>
            <line>
              <![CDATA[T2 Family Type Selected]]>
            </line>
            <line>
              <![CDATA[t2.nano Flavor Selected]]>
            </line>
            <line>
              <![CDATA[ Monitoring Selected as No]]>
            </line>
            <line>
              <![CDATA[712QAVPC(10.0.0.0/24) Network Selected]]>
            </line>
            <line>
              <![CDATA[712QASUBNET(10.0.0.0/24) Subnet Selected]]>
            </line>
            <line>
              <![CDATA[54.172.153.231  Selected for public IP ]]>
            </line>
            <line>
              <![CDATA[stack launched successfully]]>
            </line>
            <line>
              <![CDATA[Appstack status  Present in Running status]]>
            </line>
          </reporter-output>
        </test-method> <!-- stackOrder -->
        <test-method status="PASS" signature="aftermethod()[pri:0, instance:com.jamcracker.testcases.customeManagement.TC006PlaceStackOrder@7cd62f43]" name="aftermethod" is-config="true" duration-ms="0" started-at="2017-10-24T11:54:15Z" finished-at="2017-10-24T11:54:15Z">
          <reporter-output>
            <line>
              <![CDATA[Drupal Admin is successfully logged in]]>
            </line>
            <line>
              <![CDATA[Navigated to Structures Page]]>
            </line>
            <line>
              <![CDATA[Navigated to Domains Listing Page]]>
            </line>
            <line>
              <![CDATA[Navigated to Domain Creation Page]]>
            </line>
            <line>
              <![CDATA[Store Type is Enterprise-Non Adand hence Restrict Pre-Login option is selected]]>
            </line>
            <line>
              <![CDATA[Domain is created successfully]]>
            </line>
            <line>
              <![CDATA[Navigated to Domains Listing Page]]>
            </line>
            <line>
              <![CDATA[Navigated to Mnt Ent StoreDomain, Edit Page]]>
            </line>
            <line>
              <![CDATA[Navigated to Mnt Ent StoreDomain, Settings Page]]>
            </line>
            <line>
              <![CDATA[Domain Settings saved successfully]]>
            </line>
            <line>
              <![CDATA[Navigated to Mnt Ent StoreDomain, Theme Page]]>
            </line>
            <line>
              <![CDATA[Logo has been uploaded successfully for Mnt Ent Store domain]]>
            </line>
            <line>
              <![CDATA[CMS configuration for the store mntentstore.jamcracker.com is successful]]>
            </line>
          </reporter-output>
        </test-method> <!-- testCMSStoreConfiguration -->
        <test-method status="PASS" signature="tearDown()[pri:0, instance:com.jamcracker.testcases.marketplace.TC009CmsStoreConfiguration@7d9d1a19]" name="tearDown" is-config="true" duration-ms="2326" started-at="2017-10-17T12:16:03Z" finished-at="2017-10-17T12:16:05Z">
          <reporter-output>
          </reporter-output>
        </test-method> <!-- aftermethod -->
      </class> <!-- com.jamcracker.testcases.customeManagement.TC006PlaceStackOrder -->
    </test> <!-- Default test -->
  </suite> <!-- Default suite -->
</testng-results>
