<?xml version="1.0" encoding="UTF-8"?>
<testng-results skipped="0" failed="0" ignored="0" total="1" passed="1">
  <reporter-output>
  </reporter-output>
  <suite name="Default suite" duration-ms="116917" started-at="2017-10-05T10:39:28Z" finished-at="2017-10-05T10:41:25Z">
    <groups>
    </groups>
    <test name="Default test" duration-ms="116917" started-at="2017-10-05T10:39:28Z" finished-at="2017-10-05T10:41:25Z">
      <class name="com.jamcracker.testcases.customeManagement.TC005OrderLess">
        <test-method status="PASS" signature="intialize()[pri:0, instance:com.jamcracker.testcases.customeManagement.TC005OrderLess@3c41ed1d]" name="intialize" is-config="true" duration-ms="14" started-at="2017-10-05T16:09:28Z" finished-at="2017-10-05T16:09:28Z">
          <reporter-output>
          </reporter-output>
        </test-method> <!-- intialize -->
        <test-method status="PASS" signature="setUp(java.lang.String, java.lang.String)[pri:0, instance:com.jamcracker.testcases.customeManagement.TC005OrderLess@3c41ed1d]" name="setUp" is-config="true" duration-ms="28648" started-at="2017-10-05T16:10:23Z" finished-at="2017-10-05T16:10:52Z">
          <params>
            <param index="0">
              <value>
                <![CDATA[firefox]]>
              </value>
            </param>
            <param index="1">
              <value>
                <![CDATA[https://clrstore.jamcracker.com]]>
              </value>
            </param>
          </params>
          <reporter-output>
          </reporter-output>
        </test-method> <!-- setUp -->
        <test-method status="PASS" signature="testOrderLess(com.jamcracker.entity.service.OrderLessData)[pri:0, instance:com.jamcracker.testcases.customeManagement.TC005OrderLess@3c41ed1d]" name="testOrderLess" duration-ms="33783" started-at="2017-10-05T16:10:52Z" data-provider="orderLessData" finished-at="2017-10-05T16:11:25Z">
          <params>
            <param index="0">
              <value>
                <![CDATA[com.jamcracker.entity.service.OrderLessData@6d4a65c6]]>
              </value>
            </param>
          </params>
          <reporter-output>
          </reporter-output>
        </test-method> <!-- testOrderLess -->
      </class> <!-- com.jamcracker.testcases.customeManagement.TC005OrderLess -->
    </test> <!-- Default test -->
  </suite> <!-- Default suite -->
</testng-results>
