<?xml version="1.0" encoding="UTF-8"?>
<!-- Generated by org.testng.reporters.JUnitXMLReporter -->
<testsuite hostname="PKUMAR" ignored="0" name="Marketplace Creation Test" tests="1" failures="1" timestamp="15 Aug 2017 06:30:59 GMT" time="26.574" errors="0">
  <testcase name="setPassword" time="0.01" classname="com.jamcracker.testcases.marketplace.TC002SetPassword">
    <failure type="java.lang.AssertionError" message="expected [false] but found [true]">
      <![CDATA[java.lang.AssertionError: expected [false] but found [true]
	at com.jamcracker.testcases.marketplace.TC002SetPassword.setPassword(TC002SetPassword.java:44)
... Removed 31 stack frames]]>
    </failure>
  </testcase> <!-- setPassword -->
</testsuite> <!-- Marketplace Creation Test -->
